<?xml version="1.0" encoding="UTF-8"?>
<!-- Generated by org.testng.reporters.JUnitXMLReporter -->
<testsuite ignored="0" hostname="DESKTOP-FI8UJG3" failures="0" tests="5" name="Test" time="38.808" errors="0" timestamp="2022-04-05T15:05:54 IST">
  <testcase classname="com.zerodha.kite.tests.KiteLoginTest" name="verifyLogoutButton" time="5.633"/>
  <testcase classname="com.zerodha.kite.tests.KiteLoginTest" name="verifyProfileMenuButton" time="3.1"/>
  <testcase classname="com.zerodha.kite.tests.KiteLoginTest" name="verifyProfileName" time="3.306"/>
  <testcase classname="com.zerodha.kite.tests.KiteLoginPagesValidation" name="verifyInvalidCredentialsErrorMessage" time="0.767"/>
  <testcase classname="com.zerodha.kite.tests.KiteLoginPagesValidation" name="verifyInvalidPinErrorMessage" time="1.095"/>
</testsuite> <!-- Test -->
