<?xml version="1.0" encoding="UTF-8"?>
<!-- Generated by org.testng.reporters.JUnitXMLReporter -->
<testsuite ignored="0" hostname="DESKTOP-FI8UJG3" failures="0" tests="4" name="Test" time="34.065" errors="0" timestamp="2022-04-09T18:57:21 IST">
  <testcase classname="com.zerodha.kite.tests.KiteLoginTest" name="verifyLogoutButton" time="3.018"/>
  <testcase classname="com.zerodha.kite.tests.KiteLoginTest" name="verifyProfileMenuButton" time="2.142"/>
  <testcase classname="com.zerodha.kite.tests.KiteLoginTest" name="verifyProfileName" time="2.264"/>
  <testcase classname="com.zerodha.kite.tests.KiteLoginPagesValidation" name="verifyInvalidCredentialsErrorMessage" time="0.643"/>
</testsuite> <!-- Test -->
