<?xml version="1.0" encoding="UTF-8"?>
<testng-results ignored="0" total="4" passed="4" failed="0" skipped="0">
  <reporter-output>
    <line>
      <![CDATA[=====Chrome Browser Session Started=====]]>
    </line>
    <line>
      <![CDATA[=====Application Started=====]]>
    </line>
    <line>
      <![CDATA[=====Browser Session End=====]]>
    </line>
    <line>
      <![CDATA[=====Chrome Browser Session Started=====]]>
    </line>
    <line>
      <![CDATA[=====Application Started=====]]>
    </line>
    <line>
      <![CDATA[=====Browser Session End=====]]>
    </line>
  </reporter-output>
  <suite started-at="2022-04-09T07:15:42 IST" name="Suite" finished-at="2022-04-09T07:16:09 IST" duration-ms="27765">
    <groups>
    </groups>
    <test started-at="2022-04-09T07:15:42 IST" name="Test" finished-at="2022-04-09T07:16:09 IST" duration-ms="27765">
      <class name="com.zerodha.kite.tests.KiteLoginTest">
        <test-method is-config="true" signature="setupApplication(java.lang.String)[pri:0, instance:com.zerodha.kite.tests.KiteLoginTest@55cb6996]" started-at="2022-04-09T07:15:42 IST" name="setupApplication" finished-at="2022-04-09T07:15:54 IST" duration-ms="12044" status="PASS">
          <params>
            <param index="0">
              <value>
                <![CDATA[CHROME]]>
              </value>
            </param>
          </params>
          <reporter-output>
            <line>
              <![CDATA[=====Chrome Browser Session Started=====]]>
            </line>
            <line>
              <![CDATA[=====Application Started=====]]>
            </line>
          </reporter-output>
        </test-method> <!-- setupApplication -->
        <test-method is-config="true" signature="loginApp()[pri:0, instance:com.zerodha.kite.tests.KiteLoginTest@55cb6996]" started-at="2022-04-09T07:15:54 IST" name="loginApp" finished-at="2022-04-09T07:15:55 IST" duration-ms="896" status="PASS">
          <reporter-output>
          </reporter-output>
        </test-method> <!-- loginApp -->
        <test-method signature="verifyLogoutButton()[pri:0, instance:com.zerodha.kite.tests.KiteLoginTest@55cb6996]" started-at="2022-04-09T07:15:55 IST" name="verifyLogoutButton" description="This TC will verify status of logout Button" finished-at="2022-04-09T07:15:57 IST" duration-ms="2806" status="PASS">
          <reporter-output>
          </reporter-output>
        </test-method> <!-- verifyLogoutButton -->
        <test-method is-config="true" signature="takeScreenShotOnFailure(org.testng.ITestResult)[pri:0, instance:com.zerodha.kite.tests.KiteLoginTest@55cb6996]" started-at="2022-04-09T07:15:57 IST" name="takeScreenShotOnFailure" finished-at="2022-04-09T07:15:57 IST" duration-ms="2" status="PASS">
          <params>
            <param index="0">
              <value>
                <![CDATA[[TestResult name=verifyLogoutButton status=SUCCESS method=KiteLoginTest.verifyLogoutButton()[pri:0, instance:com.zerodha.kite.tests.KiteLoginTest@55cb6996] output={null}]]]>
              </value>
            </param>
          </params>
          <reporter-output>
          </reporter-output>
        </test-method> <!-- takeScreenShotOnFailure -->
        <test-method is-config="true" signature="loginApp()[pri:0, instance:com.zerodha.kite.tests.KiteLoginTest@55cb6996]" started-at="2022-04-09T07:15:57 IST" name="loginApp" finished-at="2022-04-09T07:15:58 IST" duration-ms="965" status="PASS">
          <reporter-output>
          </reporter-output>
        </test-method> <!-- loginApp -->
        <test-method signature="verifyProfileMenuButton()[pri:0, instance:com.zerodha.kite.tests.KiteLoginTest@55cb6996]" started-at="2022-04-09T07:15:58 IST" name="verifyProfileMenuButton" description="This TC will verify status of Profile Menu Button" finished-at="2022-04-09T07:16:01 IST" duration-ms="2567" status="PASS">
          <reporter-output>
          </reporter-output>
        </test-method> <!-- verifyProfileMenuButton -->
        <test-method is-config="true" signature="takeScreenShotOnFailure(org.testng.ITestResult)[pri:0, instance:com.zerodha.kite.tests.KiteLoginTest@55cb6996]" started-at="2022-04-09T07:16:01 IST" name="takeScreenShotOnFailure" finished-at="2022-04-09T07:16:01 IST" duration-ms="2" status="PASS">
          <params>
            <param index="0">
              <value>
                <![CDATA[[TestResult name=verifyProfileMenuButton status=SUCCESS method=KiteLoginTest.verifyProfileMenuButton()[pri:0, instance:com.zerodha.kite.tests.KiteLoginTest@55cb6996] output={null}]]]>
              </value>
            </param>
          </params>
          <reporter-output>
          </reporter-output>
        </test-method> <!-- takeScreenShotOnFailure -->
        <test-method is-config="true" signature="loginApp()[pri:0, instance:com.zerodha.kite.tests.KiteLoginTest@55cb6996]" started-at="2022-04-09T07:16:01 IST" name="loginApp" finished-at="2022-04-09T07:16:02 IST" duration-ms="684" status="PASS">
          <reporter-output>
          </reporter-output>
        </test-method> <!-- loginApp -->
        <test-method signature="verifyProfileName()[pri:0, instance:com.zerodha.kite.tests.KiteLoginTest@55cb6996]" started-at="2022-04-09T07:16:02 IST" name="verifyProfileName" description="This TC will verify Profile Name on dashboard" finished-at="2022-04-09T07:16:04 IST" duration-ms="2423" status="PASS">
          <reporter-output>
          </reporter-output>
        </test-method> <!-- verifyProfileName -->
        <test-method is-config="true" signature="takeScreenShotOnFailure(org.testng.ITestResult)[pri:0, instance:com.zerodha.kite.tests.KiteLoginTest@55cb6996]" started-at="2022-04-09T07:16:04 IST" name="takeScreenShotOnFailure" finished-at="2022-04-09T07:16:04 IST" duration-ms="1" status="PASS">
          <params>
            <param index="0">
              <value>
                <![CDATA[[TestResult name=verifyProfileName status=SUCCESS method=KiteLoginTest.verifyProfileName()[pri:0, instance:com.zerodha.kite.tests.KiteLoginTest@55cb6996] output={null}]]]>
              </value>
            </param>
          </params>
          <reporter-output>
          </reporter-output>
        </test-method> <!-- takeScreenShotOnFailure -->
        <test-method is-config="true" signature="closeApplication()[pri:0, instance:com.zerodha.kite.tests.KiteLoginTest@55cb6996]" started-at="2022-04-09T07:16:04 IST" name="closeApplication" finished-at="2022-04-09T07:16:04 IST" duration-ms="251" status="PASS">
          <reporter-output>
            <line>
              <![CDATA[=====Browser Session End=====]]>
            </line>
          </reporter-output>
        </test-method> <!-- closeApplication -->
      </class> <!-- com.zerodha.kite.tests.KiteLoginTest -->
      <class name="com.zerodha.kite.tests.KiteLoginPagesValidation">
        <test-method is-config="true" signature="setupApplication(java.lang.String)[pri:0, instance:com.zerodha.kite.tests.KiteLoginPagesValidation@38467116]" started-at="2022-04-09T07:16:04 IST" name="setupApplication" finished-at="2022-04-09T07:16:08 IST" duration-ms="3960" status="PASS">
          <params>
            <param index="0">
              <value>
                <![CDATA[CHROME]]>
              </value>
            </param>
          </params>
          <reporter-output>
            <line>
              <![CDATA[=====Chrome Browser Session Started=====]]>
            </line>
            <line>
              <![CDATA[=====Application Started=====]]>
            </line>
          </reporter-output>
        </test-method> <!-- setupApplication -->
        <test-method signature="verifyInvalidCredentialsErrorMessage()[pri:0, instance:com.zerodha.kite.tests.KiteLoginPagesValidation@38467116]" started-at="2022-04-09T07:16:08 IST" name="verifyInvalidCredentialsErrorMessage" description="This TC will verify invalid credentials" finished-at="2022-04-09T07:16:09 IST" duration-ms="760" status="PASS">
          <reporter-output>
          </reporter-output>
        </test-method> <!-- verifyInvalidCredentialsErrorMessage -->
        <test-method is-config="true" signature="takeScreenShotOnFailure(org.testng.ITestResult)[pri:0, instance:com.zerodha.kite.tests.KiteLoginPagesValidation@38467116]" started-at="2022-04-09T07:16:09 IST" name="takeScreenShotOnFailure" finished-at="2022-04-09T07:16:09 IST" duration-ms="1" status="PASS">
          <params>
            <param index="0">
              <value>
                <![CDATA[[TestResult name=verifyInvalidCredentialsErrorMessage status=SUCCESS method=KiteLoginPagesValidation.verifyInvalidCredentialsErrorMessage()[pri:0, instance:com.zerodha.kite.tests.KiteLoginPagesValidation@38467116] output={null}]]]>
              </value>
            </param>
          </params>
          <reporter-output>
          </reporter-output>
        </test-method> <!-- takeScreenShotOnFailure -->
        <test-method is-config="true" signature="closeApplication()[pri:0, instance:com.zerodha.kite.tests.KiteLoginPagesValidation@38467116]" started-at="2022-04-09T07:16:09 IST" name="closeApplication" finished-at="2022-04-09T07:16:09 IST" duration-ms="313" status="PASS">
          <reporter-output>
            <line>
              <![CDATA[=====Browser Session End=====]]>
            </line>
          </reporter-output>
        </test-method> <!-- closeApplication -->
      </class> <!-- com.zerodha.kite.tests.KiteLoginPagesValidation -->
    </test> <!-- Test -->
  </suite> <!-- Suite -->
</testng-results>
