<?xml version="1.0" encoding="UTF-8"?>
<testng-results ignored="0" total="4" passed="4" failed="0" skipped="0">
  <reporter-output>
    <line>
      <![CDATA[=====Chrome Browser Session Started=====]]>
    </line>
    <line>
      <![CDATA[=====Application Started=====]]>
    </line>
    <line>
      <![CDATA[=====Browser Session End=====]]>
    </line>
    <line>
      <![CDATA[=====Chrome Browser Session Started=====]]>
    </line>
    <line>
      <![CDATA[=====Application Started=====]]>
    </line>
    <line>
      <![CDATA[=====Browser Session End=====]]>
    </line>
  </reporter-output>
  <suite started-at="2022-04-09T18:56:47 IST" name="Suite" finished-at="2022-04-09T18:57:21 IST" duration-ms="34065">
    <groups>
    </groups>
    <test started-at="2022-04-09T18:56:47 IST" name="Test" finished-at="2022-04-09T18:57:21 IST" duration-ms="34065">
      <class name="com.zerodha.kite.tests.KiteLoginTest">
        <test-method is-config="true" signature="setupApplication(java.lang.String)[pri:0, instance:com.zerodha.kite.tests.KiteLoginTest@7139992f]" started-at="2022-04-09T18:56:47 IST" name="setupApplication" finished-at="2022-04-09T18:57:06 IST" duration-ms="19152" status="PASS">
          <params>
            <param index="0">
              <value>
                <![CDATA[CHROME]]>
              </value>
            </param>
          </params>
          <reporter-output>
            <line>
              <![CDATA[=====Chrome Browser Session Started=====]]>
            </line>
            <line>
              <![CDATA[=====Application Started=====]]>
            </line>
          </reporter-output>
        </test-method> <!-- setupApplication -->
        <test-method is-config="true" signature="loginApp()[pri:0, instance:com.zerodha.kite.tests.KiteLoginTest@7139992f]" started-at="2022-04-09T18:57:06 IST" name="loginApp" finished-at="2022-04-09T18:57:07 IST" duration-ms="866" status="PASS">
          <reporter-output>
          </reporter-output>
        </test-method> <!-- loginApp -->
        <test-method signature="verifyLogoutButton()[pri:0, instance:com.zerodha.kite.tests.KiteLoginTest@7139992f]" started-at="2022-04-09T18:57:07 IST" name="verifyLogoutButton" description="This TC will verify status of logout Button" finished-at="2022-04-09T18:57:10 IST" duration-ms="3018" status="PASS">
          <reporter-output>
          </reporter-output>
        </test-method> <!-- verifyLogoutButton -->
        <test-method is-config="true" signature="takeScreenShotOnFailure(org.testng.ITestResult)[pri:0, instance:com.zerodha.kite.tests.KiteLoginTest@7139992f]" started-at="2022-04-09T18:57:10 IST" name="takeScreenShotOnFailure" finished-at="2022-04-09T18:57:10 IST" duration-ms="2" status="PASS">
          <params>
            <param index="0">
              <value>
                <![CDATA[[TestResult name=verifyLogoutButton status=SUCCESS method=KiteLoginTest.verifyLogoutButton()[pri:0, instance:com.zerodha.kite.tests.KiteLoginTest@7139992f] output={null}]]]>
              </value>
            </param>
          </params>
          <reporter-output>
          </reporter-output>
        </test-method> <!-- takeScreenShotOnFailure -->
        <test-method is-config="true" signature="loginApp()[pri:0, instance:com.zerodha.kite.tests.KiteLoginTest@7139992f]" started-at="2022-04-09T18:57:10 IST" name="loginApp" finished-at="2022-04-09T18:57:11 IST" duration-ms="720" status="PASS">
          <reporter-output>
          </reporter-output>
        </test-method> <!-- loginApp -->
        <test-method signature="verifyProfileMenuButton()[pri:0, instance:com.zerodha.kite.tests.KiteLoginTest@7139992f]" started-at="2022-04-09T18:57:11 IST" name="verifyProfileMenuButton" description="This TC will verify status of Profile Menu Button" finished-at="2022-04-09T18:57:13 IST" duration-ms="2142" status="PASS">
          <reporter-output>
          </reporter-output>
        </test-method> <!-- verifyProfileMenuButton -->
        <test-method is-config="true" signature="takeScreenShotOnFailure(org.testng.ITestResult)[pri:0, instance:com.zerodha.kite.tests.KiteLoginTest@7139992f]" started-at="2022-04-09T18:57:13 IST" name="takeScreenShotOnFailure" finished-at="2022-04-09T18:57:13 IST" duration-ms="7" status="PASS">
          <params>
            <param index="0">
              <value>
                <![CDATA[[TestResult name=verifyProfileMenuButton status=SUCCESS method=KiteLoginTest.verifyProfileMenuButton()[pri:0, instance:com.zerodha.kite.tests.KiteLoginTest@7139992f] output={null}]]]>
              </value>
            </param>
          </params>
          <reporter-output>
          </reporter-output>
        </test-method> <!-- takeScreenShotOnFailure -->
        <test-method is-config="true" signature="loginApp()[pri:0, instance:com.zerodha.kite.tests.KiteLoginTest@7139992f]" started-at="2022-04-09T18:57:13 IST" name="loginApp" finished-at="2022-04-09T18:57:14 IST" duration-ms="668" status="PASS">
          <reporter-output>
          </reporter-output>
        </test-method> <!-- loginApp -->
        <test-method signature="verifyProfileName()[pri:0, instance:com.zerodha.kite.tests.KiteLoginTest@7139992f]" started-at="2022-04-09T18:57:14 IST" name="verifyProfileName" description="This TC will verify Profile Name on dashboard" finished-at="2022-04-09T18:57:16 IST" duration-ms="2264" status="PASS">
          <reporter-output>
          </reporter-output>
        </test-method> <!-- verifyProfileName -->
        <test-method is-config="true" signature="takeScreenShotOnFailure(org.testng.ITestResult)[pri:0, instance:com.zerodha.kite.tests.KiteLoginTest@7139992f]" started-at="2022-04-09T18:57:16 IST" name="takeScreenShotOnFailure" finished-at="2022-04-09T18:57:16 IST" duration-ms="8" status="PASS">
          <params>
            <param index="0">
              <value>
                <![CDATA[[TestResult name=verifyProfileName status=SUCCESS method=KiteLoginTest.verifyProfileName()[pri:0, instance:com.zerodha.kite.tests.KiteLoginTest@7139992f] output={null}]]]>
              </value>
            </param>
          </params>
          <reporter-output>
          </reporter-output>
        </test-method> <!-- takeScreenShotOnFailure -->
        <test-method is-config="true" signature="closeApplication()[pri:0, instance:com.zerodha.kite.tests.KiteLoginTest@7139992f]" started-at="2022-04-09T18:57:16 IST" name="closeApplication" finished-at="2022-04-09T18:57:16 IST" duration-ms="223" status="PASS">
          <reporter-output>
            <line>
              <![CDATA[=====Browser Session End=====]]>
            </line>
          </reporter-output>
        </test-method> <!-- closeApplication -->
      </class> <!-- com.zerodha.kite.tests.KiteLoginTest -->
      <class name="com.zerodha.kite.tests.KiteLoginPagesValidation">
        <test-method is-config="true" signature="setupApplication(java.lang.String)[pri:0, instance:com.zerodha.kite.tests.KiteLoginPagesValidation@5c86a017]" started-at="2022-04-09T18:57:16 IST" name="setupApplication" finished-at="2022-04-09T18:57:20 IST" duration-ms="4105" status="PASS">
          <params>
            <param index="0">
              <value>
                <![CDATA[CHROME]]>
              </value>
            </param>
          </params>
          <reporter-output>
            <line>
              <![CDATA[=====Chrome Browser Session Started=====]]>
            </line>
            <line>
              <![CDATA[=====Application Started=====]]>
            </line>
          </reporter-output>
        </test-method> <!-- setupApplication -->
        <test-method signature="verifyInvalidCredentialsErrorMessage()[pri:0, instance:com.zerodha.kite.tests.KiteLoginPagesValidation@5c86a017]" started-at="2022-04-09T18:57:20 IST" name="verifyInvalidCredentialsErrorMessage" description="This TC will verify invalid credentials" finished-at="2022-04-09T18:57:21 IST" duration-ms="643" status="PASS">
          <reporter-output>
          </reporter-output>
        </test-method> <!-- verifyInvalidCredentialsErrorMessage -->
        <test-method is-config="true" signature="takeScreenShotOnFailure(org.testng.ITestResult)[pri:0, instance:com.zerodha.kite.tests.KiteLoginPagesValidation@5c86a017]" started-at="2022-04-09T18:57:21 IST" name="takeScreenShotOnFailure" finished-at="2022-04-09T18:57:21 IST" duration-ms="2" status="PASS">
          <params>
            <param index="0">
              <value>
                <![CDATA[[TestResult name=verifyInvalidCredentialsErrorMessage status=SUCCESS method=KiteLoginPagesValidation.verifyInvalidCredentialsErrorMessage()[pri:0, instance:com.zerodha.kite.tests.KiteLoginPagesValidation@5c86a017] output={null}]]]>
              </value>
            </param>
          </params>
          <reporter-output>
          </reporter-output>
        </test-method> <!-- takeScreenShotOnFailure -->
        <test-method is-config="true" signature="closeApplication()[pri:0, instance:com.zerodha.kite.tests.KiteLoginPagesValidation@5c86a017]" started-at="2022-04-09T18:57:21 IST" name="closeApplication" finished-at="2022-04-09T18:57:21 IST" duration-ms="153" status="PASS">
          <reporter-output>
            <line>
              <![CDATA[=====Browser Session End=====]]>
            </line>
          </reporter-output>
        </test-method> <!-- closeApplication -->
      </class> <!-- com.zerodha.kite.tests.KiteLoginPagesValidation -->
    </test> <!-- Test -->
  </suite> <!-- Suite -->
</testng-results>
